* using log directory 'E:/BYSJ/Rpackage/HrandomF.Rcheck'
* using R version 4.1.3 (2022-03-10)
* using platform: x86_64-w64-mingw32 (64-bit)
* using session charset: CP936
* using options '--no-manual --as-cran'
* checking for file 'HrandomF/DESCRIPTION' ... OK
* checking extension type ... Package
* this is package 'HrandomF' version '0.1.0'
* package encoding: UTF-8
* checking package namespace information ... OK
* checking package dependencies ... OK
* checking if this is a source package ... NOTE
Found the following apparent object files/libraries:
  data/randomForest/libs/i386/randomForest.dll
  data/randomForest/libs/x64/randomForest.dll
Object files/libraries should not be included in a source package.

Subdirectory 'data/randomForest' seems to contain an installed version of the package.
* checking if there is a namespace ... OK
* checking for executable files ... WARNING
Found the following executable files:
  data/randomForest/libs/i386/randomForest.dll
  data/randomForest/libs/x64/randomForest.dll
Source packages should not contain undeclared executable files.
See section 'Package structure' in the 'Writing R Extensions' manual.
* checking for hidden files and directories ... OK
* checking for portable file names ... OK
* checking whether package 'HrandomF' can be installed ... OK
* checking installed package size ... OK
* checking package directory ... OK
* checking for future file timestamps ... OK
* checking DESCRIPTION meta-information ... WARNING
非标准执照规格
  What license is it under?
Standardizable: FALSE
* checking top-level files ... OK
* checking for left-over files ... OK
* checking index information ... OK
* checking package subdirectories ... NOTE
Found the following CITATION file in a non-standard place:
  data/randomForest/CITATION
Most likely 'inst/CITATION' should be used instead.
* checking R files for non-ASCII characters ... OK
* checking R files for syntax errors ... OK
* checking whether the package can be loaded ... OK
* checking whether the package can be loaded with stated dependencies ... OK
* checking whether the package can be unloaded cleanly ... OK
* checking whether the namespace can be loaded with stated dependencies ... OK
* checking whether the namespace can be unloaded cleanly ... OK
* checking loading without being on the library search path ... OK
* checking dependencies in R code ... OK
* checking S3 generic/method consistency ... OK
* checking replacement functions ... OK
* checking foreign function calls ... OK
* checking R code for possible problems ... OK
* checking Rd files ... OK
* checking Rd metadata ... OK
* checking Rd line widths ... OK
* checking Rd cross-references ... OK
* checking for missing documentation entries ... WARNING
未公开的编码对象:
  'Hello' 'df' 'fc' 'group' 'importance_otu' 'importance_otu.select'
  'legend.name' 'mod_pre' 'model' 'model_pre' 'name' 'otu' 'otu.select'
  'otu1' 'otu_id.select' 'otu_train' 'otu_train.cv' 'otu_train.cv.mean'
  'otu_train.forest' 'otu_train.select' 'otu_train.select.forest'
  'otutab' 'otutab_1' 'p' 'plant' 't' 'x'
未公开的数据集:
  'group' 'otutab' 'otutab_1'
All user-level objects in a package should have documentation entries.
See chapter 'Writing R documentation files' in the 'Writing R
Extensions' manual.
* checking for code/documentation mismatches ... WARNING
Codoc mismatches from documentation object 'hello':
hello
  Code: function(a = 3, b = 6)
  Docs: function()
  参数名字在编码里有记录但不在文件里:
    a b

* checking Rd \usage sections ... OK
* checking Rd contents ... OK
* checking for unstated dependencies in examples ... OK
* checking contents of 'data' directory ... WARNING
Files not of a type allowed in a 'data' directory:
  'Rplots.pdf' 'randomForest'
Please use e.g. 'inst/extdata' for non-R data files

* checking data for non-ASCII characters ... OK
* checking LazyData ... OK
* checking data for ASCII and uncompressed saves ... OK
* checking examples ... OK
* checking for non-standard things in the check directory ... OK
* checking for detritus in the temp directory ... OK
* DONE
Status: 5 WARNINGs, 2 NOTEs
